# JRE version: OpenJDK Runtime Environment Temurin-21.0.9+10 (21.0.9+10) (build 21.0.9+10-LTS)
# Java VM: OpenJDK 64-Bit Server VM Temurin-21.0.9+10 (21.0.9+10-LTS, mixed mode, sharing, tiered, compressed oops, compressed class ptrs, parallel gc, windows-amd64)
GC Precious Log:
 CardTable entry size: 512
 CPUs: 12 total, 12 available
 Memory: 16016M
 Large Page Support: Disabled
 NUMA Support: Disabled
 Compressed Oops: Enabled (32-bit)
 Alignments: Space 512K, Generation 512K, Heap 2M
 Heap Min Capacity: 100M
 Heap Initial Capacity: 100M
 Heap Max Capacity: 2G
 Pre-touch: Disabled
 Parallel Workers: 10
Heap:
 PSYoungGen      total 22528K, used 8305K [0x00000000d5580000, 0x00000000d6e00000, 0x0000000100000000)
  eden space 20992K, 33% used [0x00000000d5580000,0x00000000d5c68c10,0x00000000d6a00000)
  from space 1536K, 80% used [0x00000000d6a00000,0x00000000d6b33b40,0x00000000d6b80000)
  to   space 2048K, 0% used [0x00000000d6c00000,0x00000000d6c00000,0x00000000d6e00000)
 ParOldGen       total 105984K, used 105646K [0x0000000080000000, 0x0000000086780000, 0x00000000d5580000)
  object space 105984K, 99% used [0x0000000080000000,0x000000008672b950,0x0000000086780000)
 Metaspace       used 72716K, committed 74240K, reserved 1179648K
  class space    used 7597K, committed 8256K, reserved 1048576K
GC Heap History (20 events):
Event: 19.229 GC heap after
{Heap after GC invocations=54 (full 3):
 PSYoungGen      total 22528K, used 1184K [0x00000000d5580000, 0x00000000d7300000, 0x0000000100000000)
  eden space 20992K, 0% used [0x00000000d5580000,0x00000000d5580000,0x00000000d6a00000)
  from space 1536K, 77% used [0x00000000d6b80000,0x00000000d6ca8000,0x00000000d6d00000)
  to   space 3072K, 0% used [0x00000000d7000000,0x00000000d7000000,0x00000000d7300000)
 ParOldGen       total 93696K, used 93318K [0x0000000080000000, 0x0000000085b80000, 0x00000000d5580000)
  object space 93696K, 99% used [0x0000000080000000,0x0000000085b21a10,0x0000000085b80000)
 Metaspace       used 64653K, committed 65984K, reserved 1114112K
  class space    used 6816K, committed 7424K, reserved 1048576K
}
Event: 20.228 GC heap before
{Heap before GC invocations=55 (full 3):
 PSYoungGen      total 22528K, used 22176K [0x00000000d5580000, 0x00000000d7300000, 0x0000000100000000)
  eden space 20992K, 100% used [0x00000000d5580000,0x00000000d6a00000,0x00000000d6a00000)
  from space 1536K, 77% used [0x00000000d6b80000,0x00000000d6ca8000,0x00000000d6d00000)
  to   space 3072K, 0% used [0x00000000d7000000,0x00000000d7000000,0x00000000d7300000)
 ParOldGen       total 93696K, used 93318K [0x0000000080000000, 0x0000000085b80000, 0x00000000d5580000)
  object space 93696K, 99% used [0x0000000080000000,0x0000000085b21a10,0x0000000085b80000)
 Metaspace       used 65769K, committed 67200K, reserved 1114112K
  class space    used 6912K, committed 7552K, reserved 1048576K
}
Event: 20.231 GC heap after
{Heap after GC invocations=55 (full 3):
 PSYoungGen      total 24064K, used 2688K [0x00000000d5580000, 0x00000000d7300000, 0x0000000100000000)
  eden space 20992K, 0% used [0x00000000d5580000,0x00000000d5580000,0x00000000d6a00000)
  from space 3072K, 87% used [0x00000000d7000000,0x00000000d72a0000,0x00000000d7300000)
  to   space 3072K, 0% used [0x00000000d6d00000,0x00000000d6d00000,0x00000000d7000000)
 ParOldGen       total 94720K, used 94238K [0x0000000080000000, 0x0000000085c80000, 0x00000000d5580000)
  object space 94720K, 99% used [0x0000000080000000,0x0000000085c07b08,0x0000000085c80000)
 Metaspace       used 65769K, committed 67200K, reserved 1114112K
  class space    used 6912K, committed 7552K, reserved 1048576K
}
Event: 20.903 GC heap before
{Heap before GC invocations=56 (full 3):
 PSYoungGen      total 24064K, used 23680K [0x00000000d5580000, 0x00000000d7300000, 0x0000000100000000)
  eden space 20992K, 100% used [0x00000000d5580000,0x00000000d6a00000,0x00000000d6a00000)
  from space 3072K, 87% used [0x00000000d7000000,0x00000000d72a0000,0x00000000d7300000)
  to   space 3072K, 0% used [0x00000000d6d00000,0x00000000d6d00000,0x00000000d7000000)
 ParOldGen       total 94720K, used 94238K [0x0000000080000000, 0x0000000085c80000, 0x00000000d5580000)
  object space 94720K, 99% used [0x0000000080000000,0x0000000085c07b08,0x0000000085c80000)
 Metaspace       used 65907K, committed 67328K, reserved 1114112K
  class space    used 6913K, committed 7552K, reserved 1048576K
}
Event: 20.907 GC heap after
{Heap after GC invocations=56 (full 3):
 PSYoungGen      total 23040K, used 1920K [0x00000000d5580000, 0x00000000d7080000, 0x0000000100000000)
  eden space 20992K, 0% used [0x00000000d5580000,0x00000000d5580000,0x00000000d6a00000)
  from space 2048K, 93% used [0x00000000d6d00000,0x00000000d6ee0000,0x00000000d6f00000)
  to   space 1536K, 0% used [0x00000000d6f00000,0x00000000d6f00000,0x00000000d7080000)
 ParOldGen       total 96768K, used 96668K [0x0000000080000000, 0x0000000085e80000, 0x00000000d5580000)
  object space 96768K, 99% used [0x0000000080000000,0x0000000085e67120,0x0000000085e80000)
 Metaspace       used 65907K, committed 67328K, reserved 1114112K
  class space    used 6913K, committed 7552K, reserved 1048576K
}
Event: 21.427 GC heap before
{Heap before GC invocations=57 (full 3):
 PSYoungGen      total 23040K, used 22910K [0x00000000d5580000, 0x00000000d7080000, 0x0000000100000000)
  eden space 20992K, 99% used [0x00000000d5580000,0x00000000d69ff938,0x00000000d6a00000)
  from space 2048K, 93% used [0x00000000d6d00000,0x00000000d6ee0000,0x00000000d6f00000)
  to   space 1536K, 0% used [0x00000000d6f00000,0x00000000d6f00000,0x00000000d7080000)
 ParOldGen       total 96768K, used 96668K [0x0000000080000000, 0x0000000085e80000, 0x00000000d5580000)
  object space 96768K, 99% used [0x0000000080000000,0x0000000085e67120,0x0000000085e80000)
 Metaspace       used 66263K, committed 67648K, reserved 1114112K
  class space    used 6948K, committed 7552K, reserved 1048576K
}
Event: 21.431 GC heap after
{Heap after GC invocations=57 (full 3):
 PSYoungGen      total 22528K, used 1518K [0x00000000d5580000, 0x00000000d7100000, 0x0000000100000000)
  eden space 20992K, 0% used [0x00000000d5580000,0x00000000d5580000,0x00000000d6a00000)
  from space 1536K, 98% used [0x00000000d6f00000,0x00000000d707bb18,0x00000000d7080000)
  to   space 3584K, 0% used [0x00000000d6a00000,0x00000000d6a00000,0x00000000d6d80000)
 ParOldGen       total 98816K, used 98474K [0x0000000080000000, 0x0000000086080000, 0x00000000d5580000)
  object space 98816K, 99% used [0x0000000080000000,0x000000008602a900,0x0000000086080000)
 Metaspace       used 66263K, committed 67648K, reserved 1114112K
  class space    used 6948K, committed 7552K, reserved 1048576K
}
Event: 21.737 GC heap before
{Heap before GC invocations=58 (full 3):
 PSYoungGen      total 22528K, used 22510K [0x00000000d5580000, 0x00000000d7100000, 0x0000000100000000)
  eden space 20992K, 100% used [0x00000000d5580000,0x00000000d6a00000,0x00000000d6a00000)
  from space 1536K, 98% used [0x00000000d6f00000,0x00000000d707bb18,0x00000000d7080000)
  to   space 3584K, 0% used [0x00000000d6a00000,0x00000000d6a00000,0x00000000d6d80000)
 ParOldGen       total 98816K, used 98474K [0x0000000080000000, 0x0000000086080000, 0x00000000d5580000)
  object space 98816K, 99% used [0x0000000080000000,0x000000008602a900,0x0000000086080000)
 Metaspace       used 66571K, committed 68032K, reserved 1114112K
  class space    used 6968K, committed 7616K, reserved 1048576K
}
Event: 21.742 GC heap after
{Heap after GC invocations=58 (full 3):
 PSYoungGen      total 24576K, used 1248K [0x00000000d5580000, 0x00000000d6f80000, 0x0000000100000000)
  eden space 20992K, 0% used [0x00000000d5580000,0x00000000d5580000,0x00000000d6a00000)
  from space 3584K, 34% used [0x00000000d6a00000,0x00000000d6b38000,0x00000000d6d80000)
  to   space 2048K, 0% used [0x00000000d6d80000,0x00000000d6d80000,0x00000000d6f80000)
 ParOldGen       total 99840K, used 99822K [0x0000000080000000, 0x0000000086180000, 0x00000000d5580000)
  object space 99840K, 99% used [0x0000000080000000,0x000000008617b820,0x0000000086180000)
 Metaspace       used 66571K, committed 68032K, reserved 1114112K
  class space    used 6968K, committed 7616K, reserved 1048576K
}
Event: 21.992 GC heap before
{Heap before GC invocations=59 (full 3):
 PSYoungGen      total 24576K, used 22240K [0x00000000d5580000, 0x00000000d6f80000, 0x0000000100000000)
  eden space 20992K, 100% used [0x00000000d5580000,0x00000000d6a00000,0x00000000d6a00000)
  from space 3584K, 34% used [0x00000000d6a00000,0x00000000d6b38000,0x00000000d6d80000)
  to   space 2048K, 0% used [0x00000000d6d80000,0x00000000d6d80000,0x00000000d6f80000)
 ParOldGen       total 99840K, used 99822K [0x0000000080000000, 0x0000000086180000, 0x00000000d5580000)
  object space 99840K, 99% used [0x0000000080000000,0x000000008617b820,0x0000000086180000)
 Metaspace       used 66704K, committed 68096K, reserved 1114112K
  class space    used 6970K, committed 7616K, reserved 1048576K
}
Event: 21.997 GC heap after
{Heap after GC invocations=59 (full 3):
 PSYoungGen      total 22528K, used 1344K [0x00000000d5580000, 0x00000000d6f00000, 0x0000000100000000)
  eden space 20992K, 0% used [0x00000000d5580000,0x00000000d5580000,0x00000000d6a00000)
  from space 1536K, 87% used [0x00000000d6d80000,0x00000000d6ed0000,0x00000000d6f00000)
  to   space 1536K, 0% used [0x00000000d6c00000,0x00000000d6c00000,0x00000000d6d80000)
 ParOldGen       total 100864K, used 100828K [0x0000000080000000, 0x0000000086280000, 0x00000000d5580000)
  object space 100864K, 99% used [0x0000000080000000,0x00000000862772b8,0x0000000086280000)
 Metaspace       used 66704K, committed 68096K, reserved 1114112K
  class space    used 6970K, committed 7616K, reserved 1048576K
}
Event: 22.794 GC heap before
{Heap before GC invocations=60 (full 3):
 PSYoungGen      total 22528K, used 22336K [0x00000000d5580000, 0x00000000d6f00000, 0x0000000100000000)
  eden space 20992K, 100% used [0x00000000d5580000,0x00000000d6a00000,0x00000000d6a00000)
  from space 1536K, 87% used [0x00000000d6d80000,0x00000000d6ed0000,0x00000000d6f00000)
  to   space 1536K, 0% used [0x00000000d6c00000,0x00000000d6c00000,0x00000000d6d80000)
 ParOldGen       total 100864K, used 100828K [0x0000000080000000, 0x0000000086280000, 0x00000000d5580000)
  object space 100864K, 99% used [0x0000000080000000,0x00000000862772b8,0x0000000086280000)
 Metaspace       used 67280K, committed 68736K, reserved 1114112K
  class space    used 7031K, committed 7680K, reserved 1048576K
}
Event: 22.797 GC heap after
{Heap after GC invocations=60 (full 3):
 PSYoungGen      total 22528K, used 1280K [0x00000000d5580000, 0x00000000d6e00000, 0x0000000100000000)
  eden space 20992K, 0% used [0x00000000d5580000,0x00000000d5580000,0x00000000d6a00000)
  from space 1536K, 83% used [0x00000000d6c00000,0x00000000d6d40000,0x00000000d6d80000)
  to   space 512K, 0% used [0x00000000d6d80000,0x00000000d6d80000,0x00000000d6e00000)
 ParOldGen       total 102400K, used 101908K [0x0000000080000000, 0x0000000086400000, 0x00000000d5580000)
  object space 102400K, 99% used [0x0000000080000000,0x00000000863852b8,0x0000000086400000)
 Metaspace       used 67280K, committed 68736K, reserved 1114112K
  class space    used 7031K, committed 7680K, reserved 1048576K
}
Event: 23.265 GC heap before
{Heap before GC invocations=61 (full 3):
 PSYoungGen      total 22528K, used 22270K [0x00000000d5580000, 0x00000000d6e00000, 0x0000000100000000)
  eden space 20992K, 99% used [0x00000000d5580000,0x00000000d69ffbc8,0x00000000d6a00000)
  from space 1536K, 83% used [0x00000000d6c00000,0x00000000d6d40000,0x00000000d6d80000)
  to   space 512K, 0% used [0x00000000d6d80000,0x00000000d6d80000,0x00000000d6e00000)
 ParOldGen       total 102400K, used 101908K [0x0000000080000000, 0x0000000086400000, 0x00000000d5580000)
  object space 102400K, 99% used [0x0000000080000000,0x00000000863852b8,0x0000000086400000)
 Metaspace       used 68215K, committed 69696K, reserved 1114112K
  class space    used 7141K, committed 7808K, reserved 1048576K
}
Event: 23.268 GC heap after
{Heap after GC invocations=61 (full 3):
 PSYoungGen      total 21504K, used 511K [0x00000000d5580000, 0x00000000d7000000, 0x0000000100000000)
  eden space 20992K, 0% used [0x00000000d5580000,0x00000000d5580000,0x00000000d6a00000)
  from space 512K, 99% used [0x00000000d6d80000,0x00000000d6dffe90,0x00000000d6e00000)
  to   space 3072K, 0% used [0x00000000d6a00000,0x00000000d6a00000,0x00000000d6d00000)
 ParOldGen       total 103936K, used 103799K [0x0000000080000000, 0x0000000086580000, 0x00000000d5580000)
  object space 103936K, 99% used [0x0000000080000000,0x000000008655df28,0x0000000086580000)
 Metaspace       used 68215K, committed 69696K, reserved 1114112K
  class space    used 7141K, committed 7808K, reserved 1048576K
}
Event: 25.257 GC heap before
{Heap before GC invocations=62 (full 3):
 PSYoungGen      total 21504K, used 21501K [0x00000000d5580000, 0x00000000d7000000, 0x0000000100000000)
  eden space 20992K, 99% used [0x00000000d5580000,0x00000000d69ff5a0,0x00000000d6a00000)
  from space 512K, 99% used [0x00000000d6d80000,0x00000000d6dffe90,0x00000000d6e00000)
  to   space 3072K, 0% used [0x00000000d6a00000,0x00000000d6a00000,0x00000000d6d00000)
 ParOldGen       total 103936K, used 103799K [0x0000000080000000, 0x0000000086580000, 0x00000000d5580000)
  object space 103936K, 99% used [0x0000000080000000,0x000000008655df28,0x0000000086580000)
 Metaspace       used 69482K, committed 71040K, reserved 1114112K
  class space    used 7265K, committed 7936K, reserved 1048576K
}
Event: 25.260 GC heap after
{Heap after GC invocations=62 (full 3):
 PSYoungGen      total 22016K, used 981K [0x00000000d5580000, 0x00000000d6e00000, 0x0000000100000000)
  eden space 20992K, 0% used [0x00000000d5580000,0x00000000d5580000,0x00000000d6a00000)
  from space 1024K, 95% used [0x00000000d6a00000,0x00000000d6af55c8,0x00000000d6b00000)
  to   space 1536K, 0% used [0x00000000d6c80000,0x00000000d6c80000,0x00000000d6e00000)
 ParOldGen       total 104448K, used 104337K [0x0000000080000000, 0x0000000086600000, 0x00000000d5580000)
  object space 104448K, 99% used [0x0000000080000000,0x00000000865e4678,0x0000000086600000)
 Metaspace       used 69482K, committed 71040K, reserved 1114112K
  class space    used 7265K, committed 7936K, reserved 1048576K
}
Event: 25.927 GC heap before
{Heap before GC invocations=63 (full 3):
 PSYoungGen      total 22016K, used 21973K [0x00000000d5580000, 0x00000000d6e00000, 0x0000000100000000)
  eden space 20992K, 100% used [0x00000000d5580000,0x00000000d6a00000,0x00000000d6a00000)
  from space 1024K, 95% used [0x00000000d6a00000,0x00000000d6af55c8,0x00000000d6b00000)
  to   space 1536K, 0% used [0x00000000d6c80000,0x00000000d6c80000,0x00000000d6e00000)
 ParOldGen       total 104448K, used 104337K [0x0000000080000000, 0x0000000086600000, 0x00000000d5580000)
  object space 104448K, 99% used [0x0000000080000000,0x00000000865e4678,0x0000000086600000)
 Metaspace       used 71555K, committed 73024K, reserved 1114112K
  class space    used 7499K, committed 8128K, reserved 1048576K
}
Event: 25.933 GC heap after
{Heap after GC invocations=63 (full 3):
 PSYoungGen      total 22528K, used 1532K [0x00000000d5580000, 0x00000000d6f00000, 0x0000000100000000)
  eden space 20992K, 0% used [0x00000000d5580000,0x00000000d5580000,0x00000000d6a00000)
  from space 1536K, 99% used [0x00000000d6c80000,0x00000000d6dff060,0x00000000d6e00000)
  to   space 2560K, 0% used [0x00000000d6a00000,0x00000000d6a00000,0x00000000d6c80000)
 ParOldGen       total 105472K, used 104965K [0x0000000080000000, 0x0000000086700000, 0x00000000d5580000)
  object space 105472K, 99% used [0x0000000080000000,0x0000000086681730,0x0000000086700000)
 Metaspace       used 71555K, committed 73024K, reserved 1114112K
  class space    used 7499K, committed 8128K, reserved 1048576K
}
Event: 26.369 GC heap before
{Heap before GC invocations=64 (full 3):
 PSYoungGen      total 22528K, used 22510K [0x00000000d5580000, 0x00000000d6f00000, 0x0000000100000000)
  eden space 20992K, 99% used [0x00000000d5580000,0x00000000d69fca28,0x00000000d6a00000)
  from space 1536K, 99% used [0x00000000d6c80000,0x00000000d6dff060,0x00000000d6e00000)
  to   space 2560K, 0% used [0x00000000d6a00000,0x00000000d6a00000,0x00000000d6c80000)
 ParOldGen       total 105472K, used 104965K [0x0000000080000000, 0x0000000086700000, 0x00000000d5580000)
  object space 105472K, 99% used [0x0000000080000000,0x0000000086681730,0x0000000086700000)
 Metaspace       used 72401K, committed 73920K, reserved 1179648K
  class space    used 7574K, committed 8256K, reserved 1048576K
}

