# JRE version: OpenJDK Runtime Environment Temurin-21.0.9+10 (21.0.9+10) (build 21.0.9+10-LTS)
# Java VM: OpenJDK 64-Bit Server VM Temurin-21.0.9+10 (21.0.9+10-LTS, mixed mode, sharing, tiered, compressed oops, compressed class ptrs, parallel gc, windows-amd64)
GC Precious Log:
 CardTable entry size: 512
 CPUs: 12 total, 12 available
 Memory: 16016M
 Large Page Support: Disabled
 NUMA Support: Disabled
 Compressed Oops: Enabled (32-bit)
 Alignments: Space 512K, Generation 512K, Heap 2M
 Heap Min Capacity: 100M
 Heap Initial Capacity: 100M
 Heap Max Capacity: 2G
 Pre-touch: Disabled
 Parallel Workers: 10
Heap:
 PSYoungGen      total 6656K, used 2760K [0x00000000d5580000, 0x00000000d5e00000, 0x0000000100000000)
  eden space 6144K, 37% used [0x00000000d5580000,0x00000000d57ba2f0,0x00000000d5b80000)
  from space 512K, 93% used [0x00000000d5d80000,0x00000000d5df8000,0x00000000d5e00000)
  to   space 1024K, 0% used [0x00000000d5c00000,0x00000000d5c00000,0x00000000d5d00000)
 ParOldGen       total 236544K, used 236409K [0x0000000080000000, 0x000000008e700000, 0x00000000d5580000)
  object space 236544K, 99% used [0x0000000080000000,0x000000008e6de5c0,0x000000008e700000)
 Metaspace       used 104219K, committed 105984K, reserved 1179648K
  class space    used 10233K, committed 11072K, reserved 1048576K
GC Heap History (20 events):
Event: 192868.966 GC heap before
{Heap before GC invocations=14744 (full 20):
 PSYoungGen      total 4608K, used 4255K [0x00000000d5580000, 0x00000000d5d00000, 0x0000000100000000)
  eden space 2048K, 99% used [0x00000000d5580000,0x00000000d577ffa0,0x00000000d5780000)
  from space 2560K, 86% used [0x00000000d5a00000,0x00000000d5c28000,0x00000000d5c80000)
  to   space 2560K, 0% used [0x00000000d5780000,0x00000000d5780000,0x00000000d5a00000)
 ParOldGen       total 188416K, used 188242K [0x0000000080000000, 0x000000008b800000, 0x00000000d5580000)
  object space 188416K, 99% used [0x0000000080000000,0x000000008b7d49b8,0x000000008b800000)
 Metaspace       used 104111K, committed 105792K, reserved 1179648K
  class space    used 10216K, committed 11008K, reserved 1048576K
}
Event: 192868.972 GC heap after
{Heap after GC invocations=14744 (full 20):
 PSYoungGen      total 4608K, used 2112K [0x00000000d5580000, 0x00000000d5d00000, 0x0000000100000000)
  eden space 2048K, 0% used [0x00000000d5580000,0x00000000d5580000,0x00000000d5780000)
  from space 2560K, 82% used [0x00000000d5780000,0x00000000d5990000,0x00000000d5a00000)
  to   space 2560K, 0% used [0x00000000d5a80000,0x00000000d5a80000,0x00000000d5d00000)
 ParOldGen       total 190464K, used 190290K [0x0000000080000000, 0x000000008ba00000, 0x00000000d5580000)
  object space 190464K, 99% used [0x0000000080000000,0x000000008b9d49b8,0x000000008ba00000)
 Metaspace       used 104111K, committed 105792K, reserved 1179648K
  class space    used 10216K, committed 11008K, reserved 1048576K
}
Event: 192868.983 GC heap before
{Heap before GC invocations=14745 (full 20):
 PSYoungGen      total 4608K, used 4160K [0x00000000d5580000, 0x00000000d5d00000, 0x0000000100000000)
  eden space 2048K, 100% used [0x00000000d5580000,0x00000000d5780000,0x00000000d5780000)
  from space 2560K, 82% used [0x00000000d5780000,0x00000000d5990000,0x00000000d5a00000)
  to   space 2560K, 0% used [0x00000000d5a80000,0x00000000d5a80000,0x00000000d5d00000)
 ParOldGen       total 190464K, used 190290K [0x0000000080000000, 0x000000008ba00000, 0x00000000d5580000)
  object space 190464K, 99% used [0x0000000080000000,0x000000008b9d49b8,0x000000008ba00000)
 Metaspace       used 104111K, committed 105792K, reserved 1179648K
  class space    used 10216K, committed 11008K, reserved 1048576K
}
Event: 192868.988 GC heap after
{Heap after GC invocations=14745 (full 20):
 PSYoungGen      total 4096K, used 1391K [0x00000000d5580000, 0x00000000d5c00000, 0x0000000100000000)
  eden space 2560K, 0% used [0x00000000d5580000,0x00000000d5580000,0x00000000d5800000)
  from space 1536K, 90% used [0x00000000d5a80000,0x00000000d5bdbf00,0x00000000d5c00000)
  to   space 2048K, 0% used [0x00000000d5800000,0x00000000d5800000,0x00000000d5a00000)
 ParOldGen       total 192512K, used 192290K [0x0000000080000000, 0x000000008bc00000, 0x00000000d5580000)
  object space 192512K, 99% used [0x0000000080000000,0x000000008bbc89b8,0x000000008bc00000)
 Metaspace       used 104111K, committed 105792K, reserved 1179648K
  class space    used 10216K, committed 11008K, reserved 1048576K
}
Event: 192869.008 GC heap before
{Heap before GC invocations=14746 (full 20):
 PSYoungGen      total 4096K, used 3951K [0x00000000d5580000, 0x00000000d5c00000, 0x0000000100000000)
  eden space 2560K, 100% used [0x00000000d5580000,0x00000000d5800000,0x00000000d5800000)
  from space 1536K, 90% used [0x00000000d5a80000,0x00000000d5bdbf00,0x00000000d5c00000)
  to   space 2048K, 0% used [0x00000000d5800000,0x00000000d5800000,0x00000000d5a00000)
 ParOldGen       total 192512K, used 192290K [0x0000000080000000, 0x000000008bc00000, 0x00000000d5580000)
  object space 192512K, 99% used [0x0000000080000000,0x000000008bbc89b8,0x000000008bc00000)
 Metaspace       used 104111K, committed 105792K, reserved 1179648K
  class space    used 10216K, committed 11008K, reserved 1048576K
}
Event: 192869.013 GC heap after
{Heap after GC invocations=14746 (full 20):
 PSYoungGen      total 4608K, used 1727K [0x00000000d5580000, 0x00000000d5c80000, 0x0000000100000000)
  eden space 2560K, 0% used [0x00000000d5580000,0x00000000d5580000,0x00000000d5800000)
  from space 2048K, 84% used [0x00000000d5800000,0x00000000d59afc00,0x00000000d5a00000)
  to   space 2048K, 0% used [0x00000000d5a80000,0x00000000d5a80000,0x00000000d5c80000)
 ParOldGen       total 193536K, used 193362K [0x0000000080000000, 0x000000008bd00000, 0x00000000d5580000)
  object space 193536K, 99% used [0x0000000080000000,0x000000008bcd49b8,0x000000008bd00000)
 Metaspace       used 104111K, committed 105792K, reserved 1179648K
  class space    used 10216K, committed 11008K, reserved 1048576K
}
Event: 192869.044 GC heap before
{Heap before GC invocations=14747 (full 20):
 PSYoungGen      total 4608K, used 4118K [0x00000000d5580000, 0x00000000d5c80000, 0x0000000100000000)
  eden space 2560K, 93% used [0x00000000d5580000,0x00000000d57d5d80,0x00000000d5800000)
  from space 2048K, 84% used [0x00000000d5800000,0x00000000d59afc00,0x00000000d5a00000)
  to   space 2048K, 0% used [0x00000000d5a80000,0x00000000d5a80000,0x00000000d5c80000)
 ParOldGen       total 193536K, used 193362K [0x0000000080000000, 0x000000008bd00000, 0x00000000d5580000)
  object space 193536K, 99% used [0x0000000080000000,0x000000008bcd49b8,0x000000008bd00000)
 Metaspace       used 104111K, committed 105792K, reserved 1179648K
  class space    used 10216K, committed 11008K, reserved 1048576K
}
Event: 192869.049 GC heap after
{Heap after GC invocations=14747 (full 20):
 PSYoungGen      total 5120K, used 1775K [0x00000000d5580000, 0x00000000d5c80000, 0x0000000100000000)
  eden space 3072K, 0% used [0x00000000d5580000,0x00000000d5580000,0x00000000d5880000)
  from space 2048K, 86% used [0x00000000d5a80000,0x00000000d5c3bc88,0x00000000d5c80000)
  to   space 2048K, 0% used [0x00000000d5880000,0x00000000d5880000,0x00000000d5a80000)
 ParOldGen       total 195072K, used 195001K [0x0000000080000000, 0x000000008be80000, 0x00000000d5580000)
  object space 195072K, 99% used [0x0000000080000000,0x000000008be6e5b8,0x000000008be80000)
 Metaspace       used 104111K, committed 105792K, reserved 1179648K
  class space    used 10216K, committed 11008K, reserved 1048576K
}
Event: 192869.060 GC heap before
{Heap before GC invocations=14748 (full 20):
 PSYoungGen      total 5120K, used 4847K [0x00000000d5580000, 0x00000000d5c80000, 0x0000000100000000)
  eden space 3072K, 100% used [0x00000000d5580000,0x00000000d5880000,0x00000000d5880000)
  from space 2048K, 86% used [0x00000000d5a80000,0x00000000d5c3bc88,0x00000000d5c80000)
  to   space 2048K, 0% used [0x00000000d5880000,0x00000000d5880000,0x00000000d5a80000)
 ParOldGen       total 195072K, used 195001K [0x0000000080000000, 0x000000008be80000, 0x00000000d5580000)
  object space 195072K, 99% used [0x0000000080000000,0x000000008be6e5b8,0x000000008be80000)
 Metaspace       used 104111K, committed 105792K, reserved 1179648K
  class space    used 10216K, committed 11008K, reserved 1048576K
}
Event: 192869.065 GC heap after
{Heap after GC invocations=14748 (full 20):
 PSYoungGen      total 5120K, used 2029K [0x00000000d5580000, 0x00000000d6480000, 0x0000000100000000)
  eden space 3072K, 0% used [0x00000000d5580000,0x00000000d5580000,0x00000000d5880000)
  from space 2048K, 99% used [0x00000000d5880000,0x00000000d5a7b788,0x00000000d5a80000)
  to   space 5632K, 0% used [0x00000000d5f00000,0x00000000d5f00000,0x00000000d6480000)
 ParOldGen       total 197632K, used 197626K [0x0000000080000000, 0x000000008c100000, 0x00000000d5580000)
  object space 197632K, 99% used [0x0000000080000000,0x000000008c0fe988,0x000000008c100000)
 Metaspace       used 104111K, committed 105792K, reserved 1179648K
  class space    used 10216K, committed 11008K, reserved 1048576K
}
Event: 192869.073 GC heap before
{Heap before GC invocations=14749 (full 20):
 PSYoungGen      total 5120K, used 5101K [0x00000000d5580000, 0x00000000d6480000, 0x0000000100000000)
  eden space 3072K, 100% used [0x00000000d5580000,0x00000000d5880000,0x00000000d5880000)
  from space 2048K, 99% used [0x00000000d5880000,0x00000000d5a7b788,0x00000000d5a80000)
  to   space 5632K, 0% used [0x00000000d5f00000,0x00000000d5f00000,0x00000000d6480000)
 ParOldGen       total 197632K, used 197626K [0x0000000080000000, 0x000000008c100000, 0x00000000d5580000)
  object space 197632K, 99% used [0x0000000080000000,0x000000008c0fe988,0x000000008c100000)
 Metaspace       used 104111K, committed 105792K, reserved 1179648K
  class space    used 10216K, committed 11008K, reserved 1048576K
}
Event: 192869.079 GC heap after
{Heap after GC invocations=14749 (full 20):
 PSYoungGen      total 7680K, used 3168K [0x00000000d5580000, 0x00000000d6280000, 0x0000000100000000)
  eden space 4096K, 0% used [0x00000000d5580000,0x00000000d5580000,0x00000000d5980000)
  from space 3584K, 88% used [0x00000000d5f00000,0x00000000d62183b0,0x00000000d6280000)
  to   space 4096K, 0% used [0x00000000d5a80000,0x00000000d5a80000,0x00000000d5e80000)
 ParOldGen       total 200192K, used 199694K [0x0000000080000000, 0x000000008c380000, 0x00000000d5580000)
  object space 200192K, 99% used [0x0000000080000000,0x000000008c303a38,0x000000008c380000)
 Metaspace       used 104111K, committed 105792K, reserved 1179648K
  class space    used 10216K, committed 11008K, reserved 1048576K
}
Event: 192869.091 GC heap before
{Heap before GC invocations=14750 (full 20):
 PSYoungGen      total 7680K, used 7147K [0x00000000d5580000, 0x00000000d6280000, 0x0000000100000000)
  eden space 4096K, 97% used [0x00000000d5580000,0x00000000d5962b98,0x00000000d5980000)
  from space 3584K, 88% used [0x00000000d5f00000,0x00000000d62183b0,0x00000000d6280000)
  to   space 4096K, 0% used [0x00000000d5a80000,0x00000000d5a80000,0x00000000d5e80000)
 ParOldGen       total 200192K, used 199694K [0x0000000080000000, 0x000000008c380000, 0x00000000d5580000)
  object space 200192K, 99% used [0x0000000080000000,0x000000008c303a38,0x000000008c380000)
 Metaspace       used 104111K, committed 105792K, reserved 1179648K
  class space    used 10216K, committed 11008K, reserved 1048576K
}
Event: 192869.097 GC heap after
{Heap after GC invocations=14750 (full 20):
 PSYoungGen      total 8192K, used 3003K [0x00000000d5580000, 0x00000000d6180000, 0x0000000100000000)
  eden space 5120K, 0% used [0x00000000d5580000,0x00000000d5580000,0x00000000d5a80000)
  from space 3072K, 97% used [0x00000000d5a80000,0x00000000d5d6efd0,0x00000000d5d80000)
  to   space 3584K, 0% used [0x00000000d5e00000,0x00000000d5e00000,0x00000000d6180000)
 ParOldGen       total 203264K, used 202784K [0x0000000080000000, 0x000000008c680000, 0x00000000d5580000)
  object space 203264K, 99% used [0x0000000080000000,0x000000008c608188,0x000000008c680000)
 Metaspace       used 104111K, committed 105792K, reserved 1179648K
  class space    used 10216K, committed 11008K, reserved 1048576K
}
Event: 192869.292 GC heap before
{Heap before GC invocations=14751 (full 20):
 PSYoungGen      total 8192K, used 8123K [0x00000000d5580000, 0x00000000d6180000, 0x0000000100000000)
  eden space 5120K, 100% used [0x00000000d5580000,0x00000000d5a80000,0x00000000d5a80000)
  from space 3072K, 97% used [0x00000000d5a80000,0x00000000d5d6efd0,0x00000000d5d80000)
  to   space 3584K, 0% used [0x00000000d5e00000,0x00000000d5e00000,0x00000000d6180000)
 ParOldGen       total 235008K, used 233504K [0x0000000080000000, 0x000000008e580000, 0x00000000d5580000)
  object space 235008K, 99% used [0x0000000080000000,0x000000008e4081b8,0x000000008e580000)
 Metaspace       used 104114K, committed 105792K, reserved 1179648K
  class space    used 10216K, committed 11008K, reserved 1048576K
}
Event: 192869.298 GC heap after
{Heap after GC invocations=14751 (full 20):
 PSYoungGen      total 7680K, used 1248K [0x00000000d5580000, 0x00000000d5f80000, 0x0000000100000000)
  eden space 6144K, 0% used [0x00000000d5580000,0x00000000d5580000,0x00000000d5b80000)
  from space 1536K, 81% used [0x00000000d5e00000,0x00000000d5f38000,0x00000000d5f80000)
  to   space 2048K, 0% used [0x00000000d5b80000,0x00000000d5b80000,0x00000000d5d80000)
 ParOldGen       total 235520K, used 235248K [0x0000000080000000, 0x000000008e600000, 0x00000000d5580000)
  object space 235520K, 99% used [0x0000000080000000,0x000000008e5bc1b8,0x000000008e600000)
 Metaspace       used 104114K, committed 105792K, reserved 1179648K
  class space    used 10216K, committed 11008K, reserved 1048576K
}
Event: 192869.626 GC heap before
{Heap before GC invocations=14752 (full 20):
 PSYoungGen      total 7680K, used 7392K [0x00000000d5580000, 0x00000000d5f80000, 0x0000000100000000)
  eden space 6144K, 100% used [0x00000000d5580000,0x00000000d5b80000,0x00000000d5b80000)
  from space 1536K, 81% used [0x00000000d5e00000,0x00000000d5f38000,0x00000000d5f80000)
  to   space 2048K, 0% used [0x00000000d5b80000,0x00000000d5b80000,0x00000000d5d80000)
 ParOldGen       total 235520K, used 235248K [0x0000000080000000, 0x000000008e600000, 0x00000000d5580000)
  object space 235520K, 99% used [0x0000000080000000,0x000000008e5bc1b8,0x000000008e600000)
 Metaspace       used 104114K, committed 105792K, reserved 1179648K
  class space    used 10216K, committed 11008K, reserved 1048576K
}
Event: 192869.629 GC heap after
{Heap after GC invocations=14752 (full 20):
 PSYoungGen      total 8192K, used 288K [0x00000000d5580000, 0x00000000d5e80000, 0x0000000100000000)
  eden space 6144K, 0% used [0x00000000d5580000,0x00000000d5580000,0x00000000d5b80000)
  from space 2048K, 14% used [0x00000000d5b80000,0x00000000d5bc8000,0x00000000d5d80000)
  to   space 1024K, 0% used [0x00000000d5d80000,0x00000000d5d80000,0x00000000d5e80000)
 ParOldGen       total 236544K, used 236297K [0x0000000080000000, 0x000000008e700000, 0x00000000d5580000)
  object space 236544K, 99% used [0x0000000080000000,0x000000008e6c25c0,0x000000008e700000)
 Metaspace       used 104114K, committed 105792K, reserved 1179648K
  class space    used 10216K, committed 11008K, reserved 1048576K
}
Event: 193740.209 GC heap before
{Heap before GC invocations=14753 (full 20):
 PSYoungGen      total 8192K, used 6432K [0x00000000d5580000, 0x00000000d5e80000, 0x0000000100000000)
  eden space 6144K, 100% used [0x00000000d5580000,0x00000000d5b80000,0x00000000d5b80000)
  from space 2048K, 14% used [0x00000000d5b80000,0x00000000d5bc8000,0x00000000d5d80000)
  to   space 1024K, 0% used [0x00000000d5d80000,0x00000000d5d80000,0x00000000d5e80000)
 ParOldGen       total 236544K, used 236297K [0x0000000080000000, 0x000000008e700000, 0x00000000d5580000)
  object space 236544K, 99% used [0x0000000080000000,0x000000008e6c25c0,0x000000008e700000)
 Metaspace       used 104219K, committed 105984K, reserved 1179648K
  class space    used 10233K, committed 11072K, reserved 1048576K
}
Event: 193740.213 GC heap after
{Heap after GC invocations=14753 (full 20):
 PSYoungGen      total 6656K, used 480K [0x00000000d5580000, 0x00000000d5e00000, 0x0000000100000000)
  eden space 6144K, 0% used [0x00000000d5580000,0x00000000d5580000,0x00000000d5b80000)
  from space 512K, 93% used [0x00000000d5d80000,0x00000000d5df8000,0x00000000d5e00000)
  to   space 1024K, 0% used [0x00000000d5c00000,0x00000000d5c00000,0x00000000d5d00000)
 ParOldGen       total 236544K, used 236409K [0x0000000080000000, 0x000000008e700000, 0x00000000d5580000)
  object space 236544K, 99% used [0x0000000080000000,0x000000008e6de5c0,0x000000008e700000)
 Metaspace       used 104219K, committed 105984K, reserved 1179648K
  class space    used 10233K, committed 11072K, reserved 1048576K
}

